\BOOKMARK [1][]{section.1}{\376\377\0001\000\040\225\356\230\230\221\315\217\360}{}% 1
\BOOKMARK [2][]{subsection.1.1}{\376\377\0001\000.\0001\000\040\225\356\230\230\200\314\146\157}{section.1}% 2
\BOOKMARK [2][]{subsection.1.2}{\376\377\0001\000.\0002\000\040\225\356\230\230\221\315\217\360}{section.1}% 3
\BOOKMARK [1][]{section.2}{\376\377\0002\000\040\225\356\230\230\122\006\147\220}{}% 4
\BOOKMARK [2][]{subsection.2.1}{\376\377\0002\000.\0001\000\040\225\356\230\230\0001}{section.2}% 5
\BOOKMARK [2][]{subsection.2.2}{\376\377\0002\000.\0002\000\040\225\356\230\230\0002}{section.2}% 6
\BOOKMARK [2][]{subsection.2.3}{\376\377\0002\000.\0003\000\040\225\356\230\230\0003}{section.2}% 7
\BOOKMARK [1][]{section.3}{\376\377\0003\000\040\173\046\123\367\213\364\146\016}{}% 8
\BOOKMARK [1][]{section.4}{\376\377\0004\000\040\152\041\127\213\120\107\213\276}{}% 9
\BOOKMARK [1][]{section.5}{\376\377\0005\000\040\152\041\127\213\136\372\172\313\124\214\154\102\211\343}{}% 10
\BOOKMARK [2][]{subsection.5.1}{\376\377\0005\000.\0001\000\040\225\356\230\230\0001\166\204\152\041\127\213\136\372\172\313\124\214\154\102\211\343}{section.5}% 11
\BOOKMARK [3][]{subsubsection.5.1.1}{\376\377\0005\000.\0001\000.\0001\000\040\152\041\127\213\121\306\131\007}{subsection.5.1}% 12
\BOOKMARK [3][]{subsubsection.5.1.2}{\376\377\0005\000.\0001\000.\0002\000\040\152\041\127\213\136\372\172\313}{subsection.5.1}% 13
\BOOKMARK [2][]{subsection.5.2}{\376\377\0005\000.\0002\000\040\225\356\230\230\0002\166\204\152\041\127\213\136\372\172\313\124\214\154\102\211\343}{section.5}% 14
\BOOKMARK [3][]{subsubsection.5.2.1}{\376\377\0005\000.\0002\000.\0001\000\040\152\041\127\213\136\372\172\313}{subsection.5.2}% 15
\BOOKMARK [3][]{subsubsection.5.2.2}{\376\377\0005\000.\0002\000.\0002\000\040\152\041\127\213\154\102\211\343}{subsection.5.2}% 16
\BOOKMARK [3][]{subsubsection.5.2.3}{\376\377\0005\000.\0002\000.\0003\000\040\152\041\127\213\122\006\147\220}{subsection.5.2}% 17
\BOOKMARK [2][]{subsection.5.3}{\376\377\0005\000.\0003\000\040\225\356\230\230\0003\166\204\152\041\127\213\136\372\172\313\124\214\154\102\211\343}{section.5}% 18
\BOOKMARK [3][]{subsubsection.5.3.1}{\376\377\0005\000.\0003\000.\0001\000\040\152\041\127\213\136\372\172\313}{subsection.5.3}% 19
\BOOKMARK [3][]{subsubsection.5.3.2}{\376\377\0005\000.\0003\000.\0002\000\040\152\041\127\213\154\102\211\343}{subsection.5.3}% 20
\BOOKMARK [1][]{section.6}{\376\377\0006\000\040\152\041\127\213\213\304\116\367}{}% 21
\BOOKMARK [2][]{subsection.6.1}{\376\377\0006\000.\0001\000\040\152\041\127\213\213\304\116\367}{section.6}% 22
\BOOKMARK [3][]{subsubsection.6.1.1}{\376\377\0006\000.\0001\000.\0001\000\040\152\041\127\213\117\030\160\271}{subsection.6.1}% 23
\BOOKMARK [3][]{subsubsection.6.1.2}{\376\377\0006\000.\0001\000.\0002\000\040\152\041\127\213\177\072\160\271}{subsection.6.1}% 24
\BOOKMARK [3][]{subsubsection.6.1.3}{\376\377\0006\000.\0001\000.\0003\000\040\152\041\127\213\145\071\217\333\116\016\143\250\136\177}{subsection.6.1}% 25
\BOOKMARK [1][]{section*.46}{\376\377\123\302\200\003\145\207\163\056}{}% 26
\BOOKMARK [1][]{appendix.A}{\376\377\226\104\137\125\000A\000\040\116\343\170\001}{}% 27
