\BOOKMARK [1][]{section.1}{\376\377\116\000\060\001\000\040\225\356\230\230\221\315\217\360}{}% 1
\BOOKMARK [2][]{subsection.1.1}{\376\377\0001\000.\0001\000\040\225\356\230\230\0001\377\032}{section.1}% 2
\BOOKMARK [2][]{subsection.1.2}{\376\377\0001\000.\0002\000\040\225\356\230\230\0002\377\032}{section.1}% 3
\BOOKMARK [2][]{subsection.1.3}{\376\377\0001\000.\0003\000\040\225\356\230\230\0003\377\032}{section.1}% 4
\BOOKMARK [1][]{section.2}{\376\377\116\214\060\001\000\040\225\356\230\230\122\006\147\220}{}% 5
\BOOKMARK [2][]{subsection.2.1}{\376\377\0002\000.\0001\000\040\225\356\230\230\0001\166\204\122\006\147\220\377\032}{section.2}% 6
\BOOKMARK [2][]{subsection.2.2}{\376\377\0002\000.\0002\000\040\225\356\230\230\0002\166\204\122\006\147\220\377\032}{section.2}% 7
\BOOKMARK [2][]{subsection.2.3}{\376\377\0002\000.\0003\000\040\225\356\230\230\0003\166\204\122\006\147\220\377\032}{section.2}% 8
\BOOKMARK [1][]{section.3}{\376\377\116\011\060\001\000\040\173\046\123\367\213\364\146\016}{}% 9
\BOOKMARK [1][]{section.4}{\376\377\126\333\060\001\000\040\152\041\127\213\120\107\213\276}{}% 10
\BOOKMARK [1][]{section.5}{\376\377\116\224\060\001\000\040\152\041\127\213\136\372\172\313\116\016\154\102\211\343}{}% 11
\BOOKMARK [2][]{subsection.5.1}{\376\377\0005\000.\0001\000\040\225\356\230\230\0001\166\204\152\041\127\213\136\372\172\313\116\016\154\102\211\343}{section.5}% 12
\BOOKMARK [3][]{subsubsection.5.1.1}{\376\377\0005\000.\0001\000.\0001\000\040\145\313\217\154\142\233\162\151\227\142\174\007\166\204\170\156\133\232}{subsection.5.1}% 13
\BOOKMARK [3][]{subsubsection.5.1.2}{\376\377\0005\000.\0001\000.\0002\000\040\123\125\166\356\150\007\117\030\123\026\152\041\127\213\166\204\136\372\172\313}{subsection.5.1}% 14
\BOOKMARK [3][]{subsubsection.5.1.3}{\376\377\0005\000.\0001\000.\0003\000\040\123\125\166\356\150\007\117\030\123\026\152\041\127\213\166\204\154\102\211\343}{subsection.5.1}% 15
\BOOKMARK [2][]{subsection.5.2}{\376\377\0005\000.\0002\000\040\225\356\230\230\0002\166\204\152\041\127\213\136\372\172\313\116\016\154\102\211\343}{section.5}% 16
\BOOKMARK [3][]{subsubsection.5.2.1}{\376\377\0005\000.\0002\000.\0001\000\040\152\041\127\213\121\306\131\007}{subsection.5.2}% 17
\BOOKMARK [3][]{subsubsection.5.2.2}{\376\377\0005\000.\0002\000.\0002\000\040\152\041\127\213\136\372\172\313}{subsection.5.2}% 18
\BOOKMARK [2][]{subsection.5.3}{\376\377\0005\000.\0003\000\040\225\356\230\230\0003\166\204\152\041\127\213\136\372\172\313\116\016\154\102\211\343}{section.5}% 19
\BOOKMARK [3][]{subsubsection.5.3.1}{\376\377\0005\000.\0003\000.\0001\000\040\145\160\143\156\230\204\131\004\164\006}{subsection.5.3}% 20
\BOOKMARK [3][]{subsubsection.5.3.2}{\376\377\0005\000.\0003\000.\0002\000\040\122\051\165\050\204\231\162\171\123\141\177\127\152\041\142\337\145\271\154\325\165\037\142\020\226\217\147\072\160\271}{subsection.5.3}% 21
\BOOKMARK [3][]{subsubsection.5.3.3}{\376\377\0005\000.\0003\000.\0003\000\040\170\156\133\232\121\145\134\004\121\111\176\277\133\371\136\224\166\204\123\315\134\004\227\142\147\177\124\214\121\145\134\004\160\271\127\120\150\007}{subsection.5.3}% 22
\BOOKMARK [3][]{subsubsection.5.3.4}{\376\377\0005\000.\0003\000.\0004\000\040\122\051\165\050\121\340\117\125\121\163\174\373\122\044\145\255\123\315\134\004\121\111\176\277\146\057\124\046\142\123\127\050\231\210\156\220\202\061\121\205}{subsection.5.3}% 23
\BOOKMARK [3][]{subsubsection.5.3.5}{\376\377\0005\000.\0003\000.\0005\000\040\225\356\230\230\0003\166\204\176\323\147\234\122\006\147\220}{subsection.5.3}% 24
\BOOKMARK [1][]{section.6}{\376\377\121\155\060\001\000\040\152\041\127\213\213\304\116\367\116\016\143\250\136\177}{}% 25
\BOOKMARK [2][]{subsection.6.1}{\376\377\0006\000.\0001\000\040\152\041\127\213\117\030\160\271}{section.6}% 26
\BOOKMARK [2][]{subsection.6.2}{\376\377\0006\000.\0002\000\040\152\041\127\213\177\072\160\271}{section.6}% 27
\BOOKMARK [2][]{subsection.6.3}{\376\377\0006\000.\0003\000\040\152\041\127\213\166\204\145\071\217\333\124\214\143\250\136\177}{section.6}% 28
\BOOKMARK [1][]{section*.14}{\376\377\123\302\200\003\145\207\163\056}{}% 29
